2003.01.26 19:05 B C:\Documents and Settings\rkaplan\My Documents\chang1\images\actin.gif <-- itp /home/rk350/public_html/chang1/images actin.gif
2003.01.26 19:05 B C:\Documents and Settings\rkaplan\My Documents\chang1\images\black_dot.gif <-- itp /home/rk350/public_html/chang1/images black_dot.gif
2003.01.26 19:05 B C:\Documents and Settings\rkaplan\My Documents\chang1\images\contact.gif <-- itp /home/rk350/public_html/chang1/images contact.gif
2003.01.26 19:05 B C:\Documents and Settings\rkaplan\My Documents\chang1\images\cytokinesis.gif <-- itp /home/rk350/public_html/chang1/images cytokinesis.gif
2003.01.26 19:05 B C:\Documents and Settings\rkaplan\My Documents\chang1\images\funstuff.gif <-- itp /home/rk350/public_html/chang1/images funstuff.gif
2003.01.26 19:05 B C:\Documents and Settings\rkaplan\My Documents\chang1\images\funstuff_07me.gif <-- itp /home/rk350/public_html/chang1/images funstuff_07me.gif
2003.01.26 19:05 B C:\Documents and Settings\rkaplan\My Documents\chang1\images\funstuff_head.gif <-- itp /home/rk350/public_html/chang1/images funstuff_head.gif
2003.01.26 19:05 B C:\Documents and Settings\rkaplan\My Documents\chang1\images\lablinks_08me.gif <-- itp /home/rk350/public_html/chang1/images lablinks_08me.gif
2003.01.26 19:05 B C:\Documents and Settings\rkaplan\My Documents\chang1\images\lablinks_head.gif <-- itp /home/rk350/public_html/chang1/images lablinks_head.gif
2003.01.26 19:05 B C:\Documents and Settings\rkaplan\My Documents\chang1\images\links.gif <-- itp /home/rk350/public_html/chang1/images links.gif
2003.01.26 19:05 B C:\Documents and Settings\rkaplan\My Documents\chang1\images\microtubules.gif <-- itp /home/rk350/public_html/chang1/images microtubules.gif
2003.01.26 19:05 B C:\Documents and Settings\rkaplan\My Documents\chang1\images\movhead.gif <-- itp /home/rk350/public_html/chang1/images movhead.gif
2003.01.26 19:05 B C:\Documents and Settings\rkaplan\My Documents\chang1\images\peoplehead.gif <-- itp /home/rk350/public_html/chang1/images peoplehead.gif
2003.01.26 19:05 B C:\Documents and Settings\rkaplan\My Documents\chang1\images\polarity.gif <-- itp /home/rk350/public_html/chang1/images polarity.gif
2003.01.26 19:05 B C:\Documents and Settings\rkaplan\My Documents\chang1\images\projects_06me.gif <-- itp /home/rk350/public_html/chang1/images projects_06me.gif
2003.01.26 19:05 B C:\Documents and Settings\rkaplan\My Documents\chang1\images\projects_07.gif <-- itp /home/rk350/public_html/chang1/images projects_07.gif
2003.01.26 19:05 B C:\Documents and Settings\rkaplan\My Documents\chang1\images\projects_07me.gif <-- itp /home/rk350/public_html/chang1/images projects_07me.gif
2003.01.26 19:05 B C:\Documents and Settings\rkaplan\My Documents\chang1\images\projects_08.gif <-- itp /home/rk350/public_html/chang1/images projects_08.gif
2003.01.26 19:05 B C:\Documents and Settings\rkaplan\My Documents\chang1\images\projects_08me.gif <-- itp /home/rk350/public_html/chang1/images projects_08me.gif
2003.01.26 19:05 B C:\Documents and Settings\rkaplan\My Documents\chang1\images\pubshead.gif <-- itp /home/rk350/public_html/chang1/images pubshead.gif
2003.01.26 19:05 B C:\Documents and Settings\rkaplan\My Documents\chang1\images\spacer.gif <-- itp /home/rk350/public_html/chang1/images spacer.gif
2003.01.26 19:05 B C:\Documents and Settings\rkaplan\My Documents\chang1\images\version3_home_10.gif <-- itp /home/rk350/public_html/chang1/images version3_home_10.gif
2003.01.26 19:05 B C:\Documents and Settings\rkaplan\My Documents\chang1\images\version3_home_10.jpg <-- itp /home/rk350/public_html/chang1/images version3_home_10.jpg
2003.01.26 19:05 B C:\Documents and Settings\rkaplan\My Documents\chang1\images\version3_home_16.gif <-- itp /home/rk350/public_html/chang1/images version3_home_16.gif
2003.01.26 19:05 B C:\Documents and Settings\rkaplan\My Documents\chang1\images\version3_home_18.gif <-- itp /home/rk350/public_html/chang1/images version3_home_18.gif
2003.01.26 19:05 B C:\Documents and Settings\rkaplan\My Documents\chang1\images\version3_home_2.gif <-- itp /home/rk350/public_html/chang1/images version3_home_2.gif
2003.01.26 19:05 B C:\Documents and Settings\rkaplan\My Documents\chang1\images\version3_home_20.gif <-- itp /home/rk350/public_html/chang1/images version3_home_20.gif
2003.01.26 19:05 B C:\Documents and Settings\rkaplan\My Documents\chang1\images\version3_home_22.gif <-- itp /home/rk350/public_html/chang1/images version3_home_22.gif
2003.01.26 19:05 B C:\Documents and Settings\rkaplan\My Documents\chang1\images\version3_home_3.gif <-- itp /home/rk350/public_html/chang1/images version3_home_3.gif
2003.01.26 19:05 B C:\Documents and Settings\rkaplan\My Documents\chang1\images\version3_home_30.gif <-- itp /home/rk350/public_html/chang1/images version3_home_30.gif
2003.01.26 19:05 B C:\Documents and Settings\rkaplan\My Documents\chang1\images\version3_home_30.jpg <-- itp /home/rk350/public_html/chang1/images version3_home_30.jpg
2003.01.26 19:05 B C:\Documents and Settings\rkaplan\My Documents\chang1\images\version3_home_4.gif <-- itp /home/rk350/public_html/chang1/images version3_home_4.gif
2003.01.26 19:05 B C:\Documents and Settings\rkaplan\My Documents\chang1\images\version3_home_6.gif <-- itp /home/rk350/public_html/chang1/images version3_home_6.gif
2003.01.26 19:05 B C:\Documents and Settings\rkaplan\My Documents\chang1\images\version3_home_7.gif <-- itp /home/rk350/public_html/chang1/images version3_home_7.gif
2003.01.26 19:05 B C:\Documents and Settings\rkaplan\My Documents\chang1\images\version3_home_8.gif <-- itp /home/rk350/public_html/chang1/images version3_home_8.gif
2003.01.26 19:05 B C:\Documents and Settings\rkaplan\My Documents\chang1\images\whitedot.gif <-- itp /home/rk350/public_html/chang1/images whitedot.gif
2003.02.02 22:11 B D:\workspace\changweb\images\WS_FTP.LOG <-- ruth_nyu /home/rk350/public_html/chang1/images WS_FTP.LOG
